<?xml version="1.0" encoding="UTF-8"?>
<!-- Generated by org.testng.reporters.JUnitReportReporter -->
<testsuite skipped="0" hostname="DESKTOP-MIQO3UO" name="Screener.Screener_base" tests="1" failures="0" timestamp="24 Jul 2021 10:43:44 GMT" time="2.977" errors="0">
  <testcase name="loadthepage" time="2.977" classname="Screener.Screener_base"/>
</testsuite> <!-- Screener.Screener_base -->
