<?xml version="1.0" encoding="UTF-8"?>
<!-- Generated by org.testng.reporters.JUnitReportReporter -->
<testsuite skipped="0" hostname="DESKTOP-MIQO3UO" name="tests.Screener_tests" tests="1" failures="0" timestamp="24 Jul 2021 14:35:20 GMT" time="17.067" errors="0">
  <testcase name="f" time="17.067" classname="tests.Screener_tests"/>
</testsuite> <!-- tests.Screener_tests -->
