<?xml version="1.0" encoding="UTF-8"?>
<!-- Generated by org.testng.reporters.JUnitReportReporter -->
<testsuite skipped="0" hostname="DESKTOP-MIQO3UO" name="tests.Screener_tests" tests="1" failures="0" timestamp="25 Jul 2021 05:48:57 GMT" time="15.024" errors="0">
  <testcase name="f" time="15.024" classname="tests.Screener_tests"/>
</testsuite> <!-- tests.Screener_tests -->
